<?xml version="1.0" encoding="UTF-8"?>
<!-- Generated by org.testng.reporters.JUnitReportReporter -->
<testsuite hostname="DESKTOP-DFNGHSA" failures="0" tests="8" name="TestSuite.FutureGenerali_SP_BigIncomeMultiplierPlanTestCases" time="154.031" errors="1" timestamp="24 Dec 2020 08:59:31 GMT" skipped="0">
  <testcase classname="TestSuite.FutureGenerali_SP_BigIncomeMultiplierPlanTestCases" name="FutureGeneraliBigIncomeMultiplierPlan21045" time="15.286"/>
  <testcase classname="TestSuite.FutureGenerali_SP_BigIncomeMultiplierPlanTestCases" name="FutureGeneraliBigIncomeMultiplierPlan21045" time="16.522"/>
  <testcase classname="TestSuite.FutureGenerali_SP_BigIncomeMultiplierPlanTestCases" name="FutureGeneraliBigIncomeMultiplierPlan21045" time="17.019"/>
  <testcase classname="TestSuite.FutureGenerali_SP_BigIncomeMultiplierPlanTestCases" name="FutureGeneraliBigIncomeMultiplierPlan21045" time="24.456">
    <error message="Cannot locate element with text: 0
For documentation on this error, please visit: https://www.seleniumhq.org/exceptions/no_such_element.html
Build info: version: &#039;3.141.59&#039;, revision: &#039;e82be7d358&#039;, time: &#039;2018-11-14T08:17:03&#039;
System info: host: &#039;DESKTOP-DFNGHSA&#039;, ip: &#039;192.168.1.101&#039;, os.name: &#039;Windows 10&#039;, os.arch: &#039;amd64&#039;, os.version: &#039;10.0&#039;, java.version: &#039;14.0.2&#039;
Driver info: driver.version: unknown" type="org.openqa.selenium.NoSuchElementException">
      <![CDATA[org.openqa.selenium.NoSuchElementException: Cannot locate element with text: 0
For documentation on this error, please visit: https://www.seleniumhq.org/exceptions/no_such_element.html
Build info: version: '3.141.59', revision: 'e82be7d358', time: '2018-11-14T08:17:03'
System info: host: 'DESKTOP-DFNGHSA', ip: '192.168.1.101', os.name: 'Windows 10', os.arch: 'amd64', os.version: '10.0', java.version: '14.0.2'
Driver info: driver.version: unknown
at org.openqa.selenium.support.ui.Select.selectByVisibleText(Select.java:147)
at TestSuite.FutureGenerali_SP_BigIncomeMultiplierPlanTestCases.FutureGeneraliBigIncomeMultiplierPlan21045(FutureGenerali_SP_BigIncomeMultiplierPlanTestCases.java:82)
at java.base/jdk.internal.reflect.NativeMethodAccessorImpl.invoke0(Native Method)
at java.base/jdk.internal.reflect.NativeMethodAccessorImpl.invoke(NativeMethodAccessorImpl.java:62)
at java.base/jdk.internal.reflect.DelegatingMethodAccessorImpl.invoke(DelegatingMethodAccessorImpl.java:43)
at java.base/java.lang.reflect.Method.invoke(Method.java:564)
at org.testng.internal.MethodInvocationHelper.invokeMethod(MethodInvocationHelper.java:124)
at org.testng.internal.Invoker.invokeMethod(Invoker.java:583)
at org.testng.internal.Invoker.invokeTestMethod(Invoker.java:719)
at org.testng.internal.Invoker.invokeTestMethods(Invoker.java:989)
at org.testng.internal.TestMethodWorker.invokeTestMethods(TestMethodWorker.java:125)
at org.testng.internal.TestMethodWorker.run(TestMethodWorker.java:109)
at org.testng.TestRunner.privateRun(TestRunner.java:648)
at org.testng.TestRunner.run(TestRunner.java:505)
at org.testng.SuiteRunner.runTest(SuiteRunner.java:455)
at org.testng.SuiteRunner.runSequentially(SuiteRunner.java:450)
at org.testng.SuiteRunner.privateRun(SuiteRunner.java:415)
at org.testng.SuiteRunner.run(SuiteRunner.java:364)
at org.testng.SuiteRunnerWorker.runSuite(SuiteRunnerWorker.java:52)
at org.testng.SuiteRunnerWorker.run(SuiteRunnerWorker.java:84)
at org.testng.TestNG.runSuitesSequentially(TestNG.java:1208)
at org.testng.TestNG.runSuitesLocally(TestNG.java:1137)
at org.testng.TestNG.runSuites(TestNG.java:1049)
at org.testng.TestNG.run(TestNG.java:1017)
at org.apache.maven.surefire.testng.TestNGExecutor.run(TestNGExecutor.java:283)
at org.apache.maven.surefire.testng.TestNGXmlTestSuite.execute(TestNGXmlTestSuite.java:75)
at org.apache.maven.surefire.testng.TestNGProvider.invoke(TestNGProvider.java:120)
at org.apache.maven.surefire.booter.ForkedBooter.invokeProviderInSameClassLoader(ForkedBooter.java:384)
at org.apache.maven.surefire.booter.ForkedBooter.runSuitesInProcess(ForkedBooter.java:345)
at org.apache.maven.surefire.booter.ForkedBooter.execute(ForkedBooter.java:126)
at org.apache.maven.surefire.booter.ForkedBooter.main(ForkedBooter.java:418)
]]>
    </error>
  </testcase> <!-- FutureGeneraliBigIncomeMultiplierPlan21045 -->
  <testcase classname="TestSuite.FutureGenerali_SP_BigIncomeMultiplierPlanTestCases" name="FutureGeneraliBigIncomeMultiplierPlan21045" time="15.580"/>
  <testcase classname="TestSuite.FutureGenerali_SP_BigIncomeMultiplierPlanTestCases" name="FutureGeneraliBigIncomeMultiplierPlan21045" time="33.722"/>
  <testcase classname="TestSuite.FutureGenerali_SP_BigIncomeMultiplierPlanTestCases" name="FutureGeneraliBigIncomeMultiplierPlan21045" time="14.315"/>
  <testcase classname="TestSuite.FutureGenerali_SP_BigIncomeMultiplierPlanTestCases" name="FutureGeneraliBigIncomeMultiplierPlan21045" time="17.131"/>
</testsuite> <!-- TestSuite.FutureGenerali_SP_BigIncomeMultiplierPlanTestCases -->
