<?xml version="1.0" encoding="UTF-8"?>
<!-- Generated by org.testng.reporters.JUnitXMLReporter -->
<testsuite ignored="2" hostname="DESKTOP-DFNGHSA" failures="1" tests="2" name="Test" time="65.642" errors="0" timestamp="22 Feb 2021 05:49:54 GMT">
  <testcase classname="TestSuite.FutureGenerali_SavingPlan_HomePageTest" name="plan" time="17.127"/>
  <testcase classname="TestSuite.FutureGenerali_SavingPlan_HomePageTest" name="plan2" time="24.292">
    <failure type="java.lang.AssertionError" message="expected [20,000] but found [83,316]">
      <![CDATA[java.lang.AssertionError: expected [20,000] but found [83,316]
at TestSuite.FutureGenerali_SP_LifeTimePartnerPlanTestCases.VerifyFutureGeneraliLifeTimePartnerPlan21036(FutureGenerali_SP_LifeTimePartnerPlanTestCases.java:131)
at TestSuite.FutureGenerali_SavingPlan_HomePageTest.plan2(FutureGenerali_SavingPlan_HomePageTest.java:142)
... Removed 35 stack frames]]>
    </failure>
  </testcase> <!-- plan2 -->
  <testcase classname="TestSuite.FutureGenerali_SavingPlan_HomePageTest" name="plan4" time="0.0">
    <ignored/>
  </testcase> <!-- plan4 -->
  <testcase classname="TestSuite.FutureGenerali_SavingPlan_HomePageTest" name="plan3" time="0.0">
    <ignored/>
  </testcase> <!-- plan3 -->
</testsuite> <!-- Test -->
